[ 2024-11-12 10:28:03,978 ] 20 src.logger.custom_logging - INFO - >>>>>> stage Data Ingestion stage started <<<<<<
[ 2024-11-12 10:28:03,979 ] 32 src.logger.custom_logging - INFO - yaml file: config/config.yaml loaded successfully
[ 2024-11-12 10:28:03,980 ] 32 src.logger.custom_logging - INFO - yaml file: params.yaml loaded successfully
[ 2024-11-12 10:28:03,980 ] 52 src.logger.custom_logging - INFO - created directory at: artifacts
[ 2024-11-12 10:28:03,980 ] 52 src.logger.custom_logging - INFO - created directory at: artifacts/data_ingestion
[ 2024-11-12 10:28:03,980 ] 18 src.logger.custom_logging - INFO - Downloading data from https://drive.google.com/file/d/1vlhZ5c7abUKF8xXERIw6m9Te8fW7ohw3/view?usp=sharing into file artifacts/data_ingestion/data.zip
[ 2024-11-12 10:28:21,646 ] 24 src.logger.custom_logging - INFO - Downloaded data from https://drive.google.com/file/d/1vlhZ5c7abUKF8xXERIw6m9Te8fW7ohw3/view?usp=sharing into file artifacts/data_ingestion/data.zip
[ 2024-11-12 10:28:21,916 ] 23 src.logger.custom_logging - INFO - >>>>>> stage Data Ingestion stage completed <<<<<<

x==========x
[ 2024-11-12 10:28:21,916 ] 20 src.logger.custom_logging - INFO - >>>>>> stage Base Model stage started <<<<<<
[ 2024-11-12 10:28:21,916 ] 32 src.logger.custom_logging - INFO - yaml file: config/config.yaml loaded successfully
[ 2024-11-12 10:28:21,917 ] 32 src.logger.custom_logging - INFO - yaml file: params.yaml loaded successfully
[ 2024-11-12 10:28:21,917 ] 52 src.logger.custom_logging - INFO - created directory at: artifacts
[ 2024-11-12 10:28:21,917 ] 52 src.logger.custom_logging - INFO - created directory at: artifacts/prepare_base_model
[ 2024-11-12 10:28:22,136 ] 83 absl - WARNING - You are saving your model as an HDF5 file via `model.save()` or `keras.saving.save_model(model)`. This file format is considered legacy. We recommend using instead the native Keras format, e.g. `model.save('my_model.keras')` or `keras.saving.save_model(model, 'my_model.keras')`. 
[ 2024-11-12 10:28:22,183 ] 83 absl - WARNING - You are saving your model as an HDF5 file via `model.save()` or `keras.saving.save_model(model)`. This file format is considered legacy. We recommend using instead the native Keras format, e.g. `model.save('my_model.keras')` or `keras.saving.save_model(model, 'my_model.keras')`. 
[ 2024-11-12 10:28:22,237 ] 23 src.logger.custom_logging - INFO - >>>>>> stage Base Model stage completed <<<<<<

x==========x
[ 2024-11-12 10:28:22,237 ] 20 src.logger.custom_logging - INFO - >>>>>> stage Model Trainer stage started <<<<<<
[ 2024-11-12 10:28:22,237 ] 32 src.logger.custom_logging - INFO - yaml file: config/config.yaml loaded successfully
[ 2024-11-12 10:28:22,238 ] 32 src.logger.custom_logging - INFO - yaml file: params.yaml loaded successfully
[ 2024-11-12 10:28:22,238 ] 52 src.logger.custom_logging - INFO - created directory at: artifacts
[ 2024-11-12 10:28:22,238 ] 52 src.logger.custom_logging - INFO - created directory at: artifacts/training
[ 2024-11-12 10:28:22,313 ] 256 absl - WARNING - Compiled the loaded model, but the compiled metrics have yet to be built. `model.compile_metrics` will be empty until you train or evaluate the model.
[ 2024-11-12 10:30:51,451 ] 83 absl - WARNING - You are saving your model as an HDF5 file via `model.save()` or `keras.saving.save_model(model)`. This file format is considered legacy. We recommend using instead the native Keras format, e.g. `model.save('my_model.keras')` or `keras.saving.save_model(model, 'my_model.keras')`. 
[ 2024-11-12 10:30:51,486 ] 23 src.logger.custom_logging - INFO - >>>>>> stage Model Trainer stage completed <<<<<<

x==========x
