[ 2024-11-14 10:12:33,261 ] 12 src.logger.custom_logging - INFO - >>>>>> stage Data Ingestion stage started <<<<<<
[ 2024-11-14 10:12:33,262 ] 32 src.logger.custom_logging - INFO - yaml file: config/config.yaml loaded successfully
[ 2024-11-14 10:12:33,262 ] 32 src.logger.custom_logging - INFO - yaml file: params.yaml loaded successfully
[ 2024-11-14 10:12:33,262 ] 52 src.logger.custom_logging - INFO - created directory at: artifacts
[ 2024-11-14 10:12:33,262 ] 52 src.logger.custom_logging - INFO - created directory at: artifacts/data_ingestion
[ 2024-11-14 10:12:33,262 ] 18 src.logger.custom_logging - INFO - Downloading data from https://drive.google.com/file/d/1vlhZ5c7abUKF8xXERIw6m9Te8fW7ohw3/view?usp=sharing into file artifacts/data_ingestion/data.zip
[ 2024-11-14 10:12:39,561 ] 24 src.logger.custom_logging - INFO - Downloaded data from https://drive.google.com/file/d/1vlhZ5c7abUKF8xXERIw6m9Te8fW7ohw3/view?usp=sharing into file artifacts/data_ingestion/data.zip
[ 2024-11-14 10:12:39,803 ] 15 src.logger.custom_logging - INFO - >>>>>> stage Data Ingestion stage completed <<<<<<

x==========x
[ 2024-11-14 10:12:39,803 ] 12 src.logger.custom_logging - INFO - >>>>>> stage Base Model stage started <<<<<<
[ 2024-11-14 10:12:39,803 ] 32 src.logger.custom_logging - INFO - yaml file: config/config.yaml loaded successfully
[ 2024-11-14 10:12:39,804 ] 32 src.logger.custom_logging - INFO - yaml file: params.yaml loaded successfully
[ 2024-11-14 10:12:39,804 ] 52 src.logger.custom_logging - INFO - created directory at: artifacts
[ 2024-11-14 10:12:39,804 ] 52 src.logger.custom_logging - INFO - created directory at: artifacts/prepare_base_model
[ 2024-11-14 10:12:40,026 ] 83 absl - WARNING - You are saving your model as an HDF5 file via `model.save()` or `keras.saving.save_model(model)`. This file format is considered legacy. We recommend using instead the native Keras format, e.g. `model.save('my_model.keras')` or `keras.saving.save_model(model, 'my_model.keras')`. 
[ 2024-11-14 10:12:40,094 ] 83 absl - WARNING - You are saving your model as an HDF5 file via `model.save()` or `keras.saving.save_model(model)`. This file format is considered legacy. We recommend using instead the native Keras format, e.g. `model.save('my_model.keras')` or `keras.saving.save_model(model, 'my_model.keras')`. 
[ 2024-11-14 10:12:40,176 ] 15 src.logger.custom_logging - INFO - >>>>>> stage Base Model stage completed <<<<<<

x==========x
[ 2024-11-14 10:12:40,176 ] 12 src.logger.custom_logging - INFO - >>>>>> stage Model Trainer stage started <<<<<<
[ 2024-11-14 10:12:40,177 ] 32 src.logger.custom_logging - INFO - yaml file: config/config.yaml loaded successfully
[ 2024-11-14 10:12:40,178 ] 32 src.logger.custom_logging - INFO - yaml file: params.yaml loaded successfully
[ 2024-11-14 10:12:40,178 ] 52 src.logger.custom_logging - INFO - created directory at: artifacts
[ 2024-11-14 10:12:40,178 ] 52 src.logger.custom_logging - INFO - created directory at: artifacts/training
[ 2024-11-14 10:12:40,252 ] 256 absl - WARNING - Compiled the loaded model, but the compiled metrics have yet to be built. `model.compile_metrics` will be empty until you train or evaluate the model.
